<?xml version="1.0" encoding="UTF-8"?>
<!-- Generated by org.testng.reporters.JUnitReportReporter -->
<testsuite hostname="khadija" failures="0" tests="2" name="Runner.Acceptance" time="19.774" errors="0" timestamp="2022-10-09T08:27:40 IST" skipped="0">
  <testcase classname="Runner.Acceptance" name="runScenario" time="10.765"/>
  <system-out/>
  <testcase classname="Runner.Acceptance" name="runScenario" time="9.009"/>
  <system-out/>
</testsuite> <!-- Runner.Acceptance -->
