<?xml version="1.0" encoding="UTF-8"?>
<!-- Generated by org.testng.reporters.JUnitReportReporter -->
<testsuite hostname="khadija" failures="0" tests="2" name="Runner.Acceptance" time="19.922" errors="0" timestamp="2022-10-09T08:13:03 IST" skipped="0">
  <testcase classname="Runner.Acceptance" name="runScenario" time="10.741"/>
  <system-out/>
  <testcase classname="Runner.Acceptance" name="runScenario" time="9.181"/>
  <system-out/>
</testsuite> <!-- Runner.Acceptance -->
