<?xml version="1.0" encoding="UTF-8"?>
<!-- Generated by org.testng.reporters.JUnitReportReporter -->
<testsuite hostname="khadija" failures="0" tests="2" name="Runner.Acceptance" time="18.829" errors="0" timestamp="2022-10-09T08:34:28 IST" skipped="0">
  <testcase classname="Runner.Acceptance" name="runScenario" time="8.859"/>
  <system-out/>
  <testcase classname="Runner.Acceptance" name="runScenario" time="9.970"/>
  <system-out/>
</testsuite> <!-- Runner.Acceptance -->
