<?xml version="1.0" encoding="UTF-8"?>
<!-- Generated by org.testng.reporters.JUnitReportReporter -->
<testsuite hostname="khadija" failures="0" tests="2" name="Runner.Acceptance" time="20.009" errors="0" timestamp="2022-10-09T08:10:49 IST" skipped="0">
  <testcase classname="Runner.Acceptance" name="runScenario" time="11.098"/>
  <system-out/>
  <testcase classname="Runner.Acceptance" name="runScenario" time="8.911"/>
  <system-out/>
</testsuite> <!-- Runner.Acceptance -->
