<?xml version="1.0" encoding="UTF-8"?>
<!-- Generated by org.testng.reporters.JUnitReportReporter -->
<testsuite hostname="khadija" failures="0" tests="1" name="Runner.Acceptance" time="16.410" errors="0" timestamp="2022-10-09T09:47:57 IST" skipped="0">
  <testcase classname="Runner.Acceptance" name="runScenario" time="16.410"/>
  <system-out/>
</testsuite> <!-- Runner.Acceptance -->
